2023.08.23 11:25:53.606 get /zi/about/version -
2023.08.23 11:25:53.650 get /dev8721/features/devtype -
2023.08.23 11:25:53.650 get /dev8721/features/options -
2023.08.23 11:31:11.556 get /zi/about/version -
2023.08.23 11:31:11.598 get /dev8721/features/devtype -
2023.08.23 11:31:11.598 get /dev8721/features/options -
2023.08.23 11:31:27.836 get /zi/about/version -
2023.08.23 11:31:27.875 get /dev8721/features/devtype -
2023.08.23 11:31:27.875 get /dev8721/features/options -
2023.08.23 11:32:16.103 get /zi/about/version -
2023.08.23 11:32:16.146 get /dev8721/features/devtype -
2023.08.23 11:32:16.146 get /dev8721/features/options -
2023.08.23 11:32:32.158 get /zi/about/version -
2023.08.23 11:32:32.266 get /dev8721/features/devtype -
2023.08.23 11:32:32.266 get /dev8721/features/options -
2023.08.23 11:32:40.875 get /zi/about/version -
2023.08.23 11:32:40.910 get /dev8721/features/devtype -
2023.08.23 11:32:40.911 get /dev8721/features/options -
2023.08.23 11:32:51.761 get /zi/about/version -
2023.08.23 11:32:51.802 get /dev8721/features/devtype -
2023.08.23 11:32:51.802 get /dev8721/features/options -
2023.08.23 11:33:10.090 get /zi/about/version -
2023.08.23 11:33:10.130 get /dev8721/features/devtype -
2023.08.23 11:33:10.130 get /dev8721/features/options -
2023.08.23 11:33:23.130 get /zi/about/version -
2023.08.23 11:33:23.163 get /dev8721/features/devtype -
2023.08.23 11:33:23.163 get /dev8721/features/options -
2023.08.23 11:34:07.416 get /zi/about/version -
2023.08.23 11:34:07.455 get /dev8721/features/devtype -
2023.08.23 11:34:07.456 get /dev8721/features/options -
2023.08.23 11:34:15.245 get /zi/about/version -
2023.08.23 11:34:15.281 get /dev8721/features/devtype -
2023.08.23 11:34:15.281 get /dev8721/features/options -
2023.08.23 11:35:47.373 get /zi/about/version -
2023.08.23 11:35:47.419 get /dev8721/features/devtype -
2023.08.23 11:35:47.419 get /dev8721/features/options -
2023.08.23 11:35:58.447 get /zi/about/version -
2023.08.23 11:35:58.490 get /dev8721/features/devtype -
2023.08.23 11:35:58.490 get /dev8721/features/options -
2023.08.23 11:36:48.406 get /zi/about/version -
2023.08.23 11:36:48.441 get /dev8721/features/devtype -
2023.08.23 11:36:48.441 get /dev8721/features/options -
2023.08.23 11:37:24.728 get /zi/about/version -
2023.08.23 11:37:24.769 get /dev8721/features/devtype -
2023.08.23 11:37:24.769 get /dev8721/features/options -
2023.08.23 11:38:18.167 get /zi/about/version -
2023.08.23 11:38:18.203 get /dev8721/features/devtype -
2023.08.23 11:38:18.203 get /dev8721/features/options -
2023.08.23 11:38:43.712 get /zi/about/version -
2023.08.23 11:38:43.835 get /dev8721/features/devtype -
2023.08.23 11:38:43.835 get /dev8721/features/options -
2023.08.23 11:39:50.842 get /zi/about/version -
2023.08.23 11:39:50.876 get /dev8721/features/devtype -
2023.08.23 11:39:50.876 get /dev8721/features/options -
2023.08.23 11:40:07.244 set /dev8721/raw/error/clear 1
2023.08.23 11:40:07.253 set /dev8721/sigouts/0/on 1
2023.08.23 11:40:07.253 set /dev8721/sigouts/0/offset 0.0
2023.08.23 11:40:07.253 set /dev8721/awgs/0/single 1
2023.08.23 11:40:07.253 set /dev8721/awgs/0/outputs/0/modulation/mode 0
2023.08.23 11:40:07.254 set /dev8721/awgs/0/outputs/0/gains/0 1.0
2023.08.23 11:40:07.254 set /dev8721/awgs/0/outputs/0/gains/1 0.0
2023.08.23 11:40:07.254 set /dev8721/sigouts/0/precompensation/enable 0
2023.08.23 11:40:07.254 set /dev8721/sigouts/1/on 1
2023.08.23 11:40:07.254 set /dev8721/sigouts/1/offset 0.0
2023.08.23 11:40:07.254 set /dev8721/awgs/0/outputs/1/modulation/mode 0
2023.08.23 11:40:07.254 set /dev8721/awgs/0/outputs/1/gains/1 1.0
2023.08.23 11:40:07.254 set /dev8721/awgs/0/outputs/1/gains/0 0.0
2023.08.23 11:40:07.254 set /dev8721/sigouts/1/precompensation/enable 0
2023.08.23 11:40:07.279 set /dev8721/system/awg/oscillatorcontrol 1
2023.08.23 11:40:07.294 set /dev8721/awgs/0/elf/data seq_device_hdawg_0_[].seqc
2023.08.23 11:40:07.295 set /dev8721/awgs/0/waveform/waves/0 p_0032sisq_compr__129c868
2023.08.23 11:40:07.295 set /dev8721/awgs/0/waveform/waves/1 p_0032sisq_compr__1f7071f
2023.08.23 11:40:07.295 set /dev8721/awgs/0/waveform/waves/2 p_0032sisq_compr__8fa38a4
2023.08.23 11:40:07.295 set /dev8721/awgs/0/commandtable/data {"$schema": "https://docs.zhinst.com/hdawg/commandtable/v1_0/schema", "header": {"version": "1.0.0"}, "table": [{"index": 0, "phase0": {"value": 90.0}, "phase1": {"value": 0.0}}, {"index": 1, "waveform": {"index": 0}}, {"index": 2, "waveform": {"index": 1}}, {"index": 3, "waveform": {"index": 2}}]}
2023.08.23 11:40:07.326 set /dev8721/sines/0/phaseshift 0
2023.08.23 11:40:07.326 set /dev8721/sines/1/phaseshift 0
2023.08.23 11:40:07.339 set /dev8721/triggers/in/0/level 0.225
2023.08.23 11:40:07.339 set /dev8721/awgs/0/auxtriggers/0/slope 1
2023.08.23 11:40:07.339 set /dev8721/awgs/0/auxtriggers/0/channel 0
2023.08.23 11:40:07.339 set /dev8721/triggers/out/0/source 0
2023.08.23 11:40:07.340 set /dev8721/triggers/out/1/source 1
2023.08.23 11:40:07.340 set /dev8721/dios/0/mode 1
2023.08.23 11:40:07.340 set /dev8721/dios/0/drive 15
2023.08.23 11:40:07.340 set /dev8721/awgs/0/dio/strobe/slope 0
2023.08.23 11:40:07.340 set /dev8721/awgs/0/dio/valid/polarity 2
2023.08.23 11:40:07.340 set /dev8721/awgs/0/dio/valid/index 0
2023.08.23 11:40:07.340 set /dev8721/awgs/0/dio/mask/value 1023
2023.08.23 11:40:07.340 set /dev8721/awgs/0/dio/mask/shift 1
2023.08.23 11:40:07.378 set /dev8721/sigouts/0/delay 0.0
2023.08.23 11:40:07.379 set /dev8721/sigouts/1/delay 0.0
2023.08.23 11:40:07.412 set /dev8721/awgs/0/enable 1
2023.08.23 11:40:09.049 get /dev8721/raw/error/json/errors -
2023.08.23 11:40:35.137 get /zi/about/version -
2023.08.23 11:40:35.177 get /dev8721/features/devtype -
2023.08.23 11:40:35.177 get /dev8721/features/options -
2023.08.23 11:40:51.015 set /dev8721/raw/error/clear 1
2023.08.23 11:40:51.026 set /dev8721/sigouts/0/on 1
2023.08.23 11:40:51.026 set /dev8721/sigouts/0/offset 0.0
2023.08.23 11:40:51.026 set /dev8721/awgs/0/single 1
2023.08.23 11:40:51.026 set /dev8721/awgs/0/outputs/0/modulation/mode 0
2023.08.23 11:40:51.027 set /dev8721/awgs/0/outputs/0/gains/0 1.0
2023.08.23 11:40:51.027 set /dev8721/awgs/0/outputs/0/gains/1 0.0
2023.08.23 11:40:51.027 set /dev8721/sigouts/0/precompensation/enable 0
2023.08.23 11:40:51.027 set /dev8721/sigouts/1/on 1
2023.08.23 11:40:51.027 set /dev8721/sigouts/1/offset 0.0
2023.08.23 11:40:51.027 set /dev8721/awgs/0/outputs/1/modulation/mode 0
2023.08.23 11:40:51.027 set /dev8721/awgs/0/outputs/1/gains/1 1.0
2023.08.23 11:40:51.028 set /dev8721/awgs/0/outputs/1/gains/0 0.0
2023.08.23 11:40:51.028 set /dev8721/sigouts/1/precompensation/enable 0
2023.08.23 11:40:51.056 set /dev8721/system/awg/oscillatorcontrol 1
2023.08.23 11:40:51.077 set /dev8721/awgs/0/elf/data seq_device_hdawg_0_[].seqc
2023.08.23 11:40:51.077 set /dev8721/awgs/0/waveform/waves/0 p_0032sisq_compr__129c868
2023.08.23 11:40:51.077 set /dev8721/awgs/0/waveform/waves/1 p_0032sisq_compr__1f7071f
2023.08.23 11:40:51.077 set /dev8721/awgs/0/waveform/waves/2 p_0032sisq_compr__8fa38a4
2023.08.23 11:40:51.077 set /dev8721/awgs/0/commandtable/data {"$schema": "https://docs.zhinst.com/hdawg/commandtable/v1_0/schema", "header": {"version": "1.0.0"}, "table": [{"index": 0, "phase0": {"value": 90.0}, "phase1": {"value": 0.0}}, {"index": 1, "waveform": {"index": 0}}, {"index": 2, "waveform": {"index": 1}}, {"index": 3, "waveform": {"index": 2}}]}
2023.08.23 11:40:51.103 set /dev8721/sines/0/phaseshift 0
2023.08.23 11:40:51.103 set /dev8721/sines/1/phaseshift 0
2023.08.23 11:40:51.117 set /dev8721/triggers/in/0/level 0.225
2023.08.23 11:40:51.117 set /dev8721/awgs/0/auxtriggers/0/slope 1
2023.08.23 11:40:51.117 set /dev8721/awgs/0/auxtriggers/0/channel 0
2023.08.23 11:40:51.117 set /dev8721/triggers/out/0/source 0
2023.08.23 11:40:51.117 set /dev8721/triggers/out/1/source 1
2023.08.23 11:40:51.117 set /dev8721/dios/0/mode 1
2023.08.23 11:40:51.117 set /dev8721/dios/0/drive 15
2023.08.23 11:40:51.117 set /dev8721/awgs/0/dio/strobe/slope 0
2023.08.23 11:40:51.118 set /dev8721/awgs/0/dio/valid/polarity 2
2023.08.23 11:40:51.118 set /dev8721/awgs/0/dio/valid/index 0
2023.08.23 11:40:51.118 set /dev8721/awgs/0/dio/mask/value 1023
2023.08.23 11:40:51.118 set /dev8721/awgs/0/dio/mask/shift 1
2023.08.23 11:40:51.154 set /dev8721/sigouts/0/delay 0.0
2023.08.23 11:40:51.154 set /dev8721/sigouts/1/delay 0.0
2023.08.23 11:40:51.191 set /dev8721/awgs/0/enable 1
2023.08.23 11:40:52.832 get /dev8721/raw/error/json/errors -
2023.08.23 11:43:09.234 get /zi/about/version -
2023.08.23 11:43:09.270 get /dev8721/features/devtype -
2023.08.23 11:43:09.270 get /dev8721/features/options -
2023.08.23 11:43:25.308 set /dev8721/raw/error/clear 1
2023.08.23 11:43:25.322 set /dev8721/sigouts/0/on 1
2023.08.23 11:43:25.322 set /dev8721/sigouts/0/offset 0.0
2023.08.23 11:43:25.323 set /dev8721/awgs/0/single 1
2023.08.23 11:43:25.323 set /dev8721/awgs/0/outputs/0/modulation/mode 0
2023.08.23 11:43:25.324 set /dev8721/awgs/0/outputs/0/gains/0 1.0
2023.08.23 11:43:25.324 set /dev8721/awgs/0/outputs/0/gains/1 0.0
2023.08.23 11:43:25.324 set /dev8721/sigouts/0/precompensation/enable 0
2023.08.23 11:43:25.324 set /dev8721/sigouts/1/on 1
2023.08.23 11:43:25.324 set /dev8721/sigouts/1/offset 0.0
2023.08.23 11:43:25.324 set /dev8721/awgs/0/outputs/1/modulation/mode 0
2023.08.23 11:43:25.325 set /dev8721/awgs/0/outputs/1/gains/1 1.0
2023.08.23 11:43:25.325 set /dev8721/awgs/0/outputs/1/gains/0 0.0
2023.08.23 11:43:25.325 set /dev8721/sigouts/1/precompensation/enable 0
2023.08.23 11:43:25.347 set /dev8721/system/awg/oscillatorcontrol 1
2023.08.23 11:43:25.360 set /dev8721/awgs/0/elf/data seq_device_hdawg_0_[].seqc
2023.08.23 11:43:25.360 set /dev8721/awgs/0/waveform/waves/0 p_0032sisq_compr__129c868
2023.08.23 11:43:25.360 set /dev8721/awgs/0/waveform/waves/1 p_0032sisq_compr__1f7071f
2023.08.23 11:43:25.360 set /dev8721/awgs/0/waveform/waves/2 p_0032sisq_compr__8fa38a4
2023.08.23 11:43:25.360 set /dev8721/awgs/0/commandtable/data {"$schema": "https://docs.zhinst.com/hdawg/commandtable/v1_0/schema", "header": {"version": "1.0.0"}, "table": [{"index": 0, "phase0": {"value": 90.0}, "phase1": {"value": 0.0}}, {"index": 1, "waveform": {"index": 0}}, {"index": 2, "waveform": {"index": 1}}, {"index": 3, "waveform": {"index": 2}}]}
2023.08.23 11:43:25.381 set /dev8721/sines/0/phaseshift 0
2023.08.23 11:43:25.381 set /dev8721/sines/1/phaseshift 0
2023.08.23 11:43:25.398 set /dev8721/triggers/in/0/level 0.225
2023.08.23 11:43:25.398 set /dev8721/awgs/0/auxtriggers/0/slope 1
2023.08.23 11:43:25.398 set /dev8721/awgs/0/auxtriggers/0/channel 0
2023.08.23 11:43:25.398 set /dev8721/triggers/out/0/source 0
2023.08.23 11:43:25.398 set /dev8721/triggers/out/1/source 1
2023.08.23 11:43:25.399 set /dev8721/dios/0/mode 1
2023.08.23 11:43:25.399 set /dev8721/dios/0/drive 15
2023.08.23 11:43:25.399 set /dev8721/awgs/0/dio/strobe/slope 0
2023.08.23 11:43:25.399 set /dev8721/awgs/0/dio/valid/polarity 2
2023.08.23 11:43:25.399 set /dev8721/awgs/0/dio/valid/index 0
2023.08.23 11:43:25.399 set /dev8721/awgs/0/dio/mask/value 1023
2023.08.23 11:43:25.399 set /dev8721/awgs/0/dio/mask/shift 1
2023.08.23 11:43:25.430 set /dev8721/sigouts/0/delay 0.0
2023.08.23 11:43:25.430 set /dev8721/sigouts/1/delay 0.0
2023.08.23 11:43:25.476 set /dev8721/awgs/0/enable 1
2023.08.23 11:43:27.109 get /dev8721/raw/error/json/errors -
2023.08.23 11:44:05.201 get /zi/about/version -
2023.08.23 11:44:05.237 get /dev8721/features/devtype -
2023.08.23 11:44:05.237 get /dev8721/features/options -
2023.08.23 11:44:20.940 set /dev8721/raw/error/clear 1
2023.08.23 11:44:20.951 set /dev8721/sigouts/0/on 1
2023.08.23 11:44:20.951 set /dev8721/sigouts/0/offset 0.0
2023.08.23 11:44:20.952 set /dev8721/awgs/0/single 1
2023.08.23 11:44:20.952 set /dev8721/awgs/0/outputs/0/modulation/mode 0
2023.08.23 11:44:20.952 set /dev8721/awgs/0/outputs/0/gains/0 1.0
2023.08.23 11:44:20.952 set /dev8721/awgs/0/outputs/0/gains/1 0.0
2023.08.23 11:44:20.952 set /dev8721/sigouts/0/precompensation/enable 0
2023.08.23 11:44:20.953 set /dev8721/sigouts/1/on 1
2023.08.23 11:44:20.953 set /dev8721/sigouts/1/offset 0.0
2023.08.23 11:44:20.953 set /dev8721/awgs/0/outputs/1/modulation/mode 0
2023.08.23 11:44:20.953 set /dev8721/awgs/0/outputs/1/gains/1 1.0
2023.08.23 11:44:20.953 set /dev8721/awgs/0/outputs/1/gains/0 0.0
2023.08.23 11:44:20.954 set /dev8721/sigouts/1/precompensation/enable 0
2023.08.23 11:44:20.981 set /dev8721/system/awg/oscillatorcontrol 1
2023.08.23 11:44:20.998 set /dev8721/awgs/0/elf/data seq_device_hdawg_0_[].seqc
2023.08.23 11:44:20.998 set /dev8721/awgs/0/waveform/waves/0 p_0032sisq_compr__129c868
2023.08.23 11:44:20.998 set /dev8721/awgs/0/waveform/waves/1 p_0032sisq_compr__1f7071f
2023.08.23 11:44:20.998 set /dev8721/awgs/0/waveform/waves/2 p_0032sisq_compr__8fa38a4
2023.08.23 11:44:20.998 set /dev8721/awgs/0/commandtable/data {"$schema": "https://docs.zhinst.com/hdawg/commandtable/v1_0/schema", "header": {"version": "1.0.0"}, "table": [{"index": 0, "phase0": {"value": 90.0}, "phase1": {"value": 0.0}}, {"index": 1, "waveform": {"index": 0}}, {"index": 2, "waveform": {"index": 1}}, {"index": 3, "waveform": {"index": 2}}]}
2023.08.23 11:44:21.024 set /dev8721/sines/0/phaseshift 0
2023.08.23 11:44:21.024 set /dev8721/sines/1/phaseshift 0
2023.08.23 11:44:21.040 set /dev8721/triggers/in/0/level 0.225
2023.08.23 11:44:21.040 set /dev8721/awgs/0/auxtriggers/0/slope 1
2023.08.23 11:44:21.041 set /dev8721/awgs/0/auxtriggers/0/channel 0
2023.08.23 11:44:21.041 set /dev8721/triggers/out/0/source 0
2023.08.23 11:44:21.041 set /dev8721/triggers/out/1/source 1
2023.08.23 11:44:21.041 set /dev8721/dios/0/mode 1
2023.08.23 11:44:21.041 set /dev8721/dios/0/drive 15
2023.08.23 11:44:21.041 set /dev8721/awgs/0/dio/strobe/slope 0
2023.08.23 11:44:21.041 set /dev8721/awgs/0/dio/valid/polarity 2
2023.08.23 11:44:21.041 set /dev8721/awgs/0/dio/valid/index 0
2023.08.23 11:44:21.041 set /dev8721/awgs/0/dio/mask/value 1023
2023.08.23 11:44:21.041 set /dev8721/awgs/0/dio/mask/shift 1
2023.08.23 11:44:21.077 set /dev8721/sigouts/0/delay 0.0
2023.08.23 11:44:21.077 set /dev8721/sigouts/1/delay 0.0
2023.08.23 11:44:21.116 set /dev8721/awgs/0/enable 1
2023.08.23 11:44:22.763 get /dev8721/raw/error/json/errors -
2023.08.23 11:45:16.174 get /zi/about/version -
2023.08.23 11:45:16.216 get /dev8721/features/devtype -
2023.08.23 11:45:16.216 get /dev8721/features/options -
2023.08.23 11:45:31.982 set /dev8721/raw/error/clear 1
2023.08.23 11:45:31.992 set /dev8721/sigouts/0/on 1
2023.08.23 11:45:31.993 set /dev8721/sigouts/0/offset 0.0
2023.08.23 11:45:31.993 set /dev8721/awgs/0/single 1
2023.08.23 11:45:31.993 set /dev8721/awgs/0/outputs/0/modulation/mode 0
2023.08.23 11:45:31.993 set /dev8721/awgs/0/outputs/0/gains/0 1.0
2023.08.23 11:45:31.993 set /dev8721/awgs/0/outputs/0/gains/1 0.0
2023.08.23 11:45:31.993 set /dev8721/sigouts/0/precompensation/enable 0
2023.08.23 11:45:31.993 set /dev8721/sigouts/1/on 1
2023.08.23 11:45:31.993 set /dev8721/sigouts/1/offset 0.0
2023.08.23 11:45:31.993 set /dev8721/awgs/0/outputs/1/modulation/mode 0
2023.08.23 11:45:31.993 set /dev8721/awgs/0/outputs/1/gains/1 1.0
2023.08.23 11:45:31.993 set /dev8721/awgs/0/outputs/1/gains/0 0.0
2023.08.23 11:45:31.993 set /dev8721/sigouts/1/precompensation/enable 0
2023.08.23 11:45:32.019 set /dev8721/system/awg/oscillatorcontrol 1
2023.08.23 11:45:32.034 set /dev8721/awgs/0/elf/data seq_device_hdawg_0_[].seqc
2023.08.23 11:45:32.035 set /dev8721/awgs/0/waveform/waves/0 p_0032sisq_compr__129c868
2023.08.23 11:45:32.035 set /dev8721/awgs/0/waveform/waves/1 p_0032sisq_compr__1f7071f
2023.08.23 11:45:32.035 set /dev8721/awgs/0/waveform/waves/2 p_0032sisq_compr__8fa38a4
2023.08.23 11:45:32.035 set /dev8721/awgs/0/commandtable/data {"$schema": "https://docs.zhinst.com/hdawg/commandtable/v1_0/schema", "header": {"version": "1.0.0"}, "table": [{"index": 0, "phase0": {"value": 90.0}, "phase1": {"value": 0.0}}, {"index": 1, "waveform": {"index": 0}}, {"index": 2, "waveform": {"index": 1}}, {"index": 3, "waveform": {"index": 2}}]}
2023.08.23 11:45:32.061 set /dev8721/sines/0/phaseshift 0
2023.08.23 11:45:32.061 set /dev8721/sines/1/phaseshift 0
2023.08.23 11:45:32.076 set /dev8721/triggers/in/0/level 0.225
2023.08.23 11:45:32.076 set /dev8721/awgs/0/auxtriggers/0/slope 1
2023.08.23 11:45:32.076 set /dev8721/awgs/0/auxtriggers/0/channel 0
2023.08.23 11:45:32.076 set /dev8721/triggers/out/0/source 0
2023.08.23 11:45:32.076 set /dev8721/triggers/out/1/source 1
2023.08.23 11:45:32.076 set /dev8721/dios/0/mode 1
2023.08.23 11:45:32.076 set /dev8721/dios/0/drive 15
2023.08.23 11:45:32.076 set /dev8721/awgs/0/dio/strobe/slope 0
2023.08.23 11:45:32.077 set /dev8721/awgs/0/dio/valid/polarity 2
2023.08.23 11:45:32.077 set /dev8721/awgs/0/dio/valid/index 0
2023.08.23 11:45:32.077 set /dev8721/awgs/0/dio/mask/value 1023
2023.08.23 11:45:32.077 set /dev8721/awgs/0/dio/mask/shift 1
2023.08.23 11:45:32.111 set /dev8721/sigouts/0/delay 0.0
2023.08.23 11:45:32.111 set /dev8721/sigouts/1/delay 0.0
2023.08.23 11:45:32.155 set /dev8721/awgs/0/enable 1
2023.08.23 11:45:33.788 get /dev8721/raw/error/json/errors -
2023.08.23 11:45:48.244 set /dev8721/awgs/0/elf/data seq_device_hdawg_0_[].seqc
2023.08.23 11:45:48.244 set /dev8721/awgs/0/waveform/waves/0 p_0032sisq_compr__129c868
2023.08.23 11:45:48.244 set /dev8721/awgs/0/waveform/waves/1 p_0032sisq_compr__1f7071f
2023.08.23 11:45:48.244 set /dev8721/awgs/0/waveform/waves/2 p_0032sisq_compr__4db6a92
2023.08.23 11:45:48.244 set /dev8721/awgs/0/commandtable/data {"$schema": "https://docs.zhinst.com/hdawg/commandtable/v1_0/schema", "header": {"version": "1.0.0"}, "table": [{"index": 0, "phase0": {"value": 90.0}, "phase1": {"value": 0.0}}, {"index": 1, "waveform": {"index": 0}}, {"index": 2, "waveform": {"index": 1}}, {"index": 3, "waveform": {"index": 2}}]}
2023.08.23 11:45:48.289 set /dev8721/awgs/0/enable 1
2023.08.23 11:45:49.931 get /dev8721/raw/error/json/errors -
2023.08.23 11:46:00.305 set /dev8721/awgs/0/elf/data seq_device_hdawg_0_[].seqc
2023.08.23 11:46:00.305 set /dev8721/awgs/0/waveform/waves/0 p_0032sisq_compr__129c868
2023.08.23 11:46:00.305 set /dev8721/awgs/0/waveform/waves/1 p_0032sisq_compr__1f7071f
2023.08.23 11:46:00.305 set /dev8721/awgs/0/commandtable/data {"$schema": "https://docs.zhinst.com/hdawg/commandtable/v1_0/schema", "header": {"version": "1.0.0"}, "table": [{"index": 0, "phase0": {"value": 90.0}, "phase1": {"value": 0.0}}, {"index": 1, "waveform": {"index": 0}}, {"index": 2, "waveform": {"index": 1}}]}
2023.08.23 11:46:00.345 set /dev8721/awgs/0/enable 1
2023.08.23 11:46:01.978 get /dev8721/raw/error/json/errors -
2023.08.23 11:46:12.284 set /dev8721/awgs/0/elf/data seq_device_hdawg_0_[].seqc
2023.08.23 11:46:12.285 set /dev8721/awgs/0/waveform/waves/0 p_0032sisq_compr__129c868
2023.08.23 11:46:12.285 set /dev8721/awgs/0/waveform/waves/1 p_0032sisq_compr__1f7071f
2023.08.23 11:46:12.285 set /dev8721/awgs/0/commandtable/data {"$schema": "https://docs.zhinst.com/hdawg/commandtable/v1_0/schema", "header": {"version": "1.0.0"}, "table": [{"index": 0, "phase0": {"value": 90.0}, "phase1": {"value": 0.0}}, {"index": 1, "waveform": {"index": 0}}, {"index": 2, "waveform": {"index": 1}}]}
2023.08.23 11:46:12.324 set /dev8721/awgs/0/enable 1
2023.08.23 11:46:13.963 get /dev8721/raw/error/json/errors -
2023.08.23 11:51:54.131 get /zi/about/version -
2023.08.23 11:51:54.176 get /dev8721/features/devtype -
2023.08.23 11:51:54.177 get /dev8721/features/options -
2023.08.23 11:52:07.179 get /zi/about/version -
2023.08.23 11:52:07.215 get /dev8721/features/devtype -
2023.08.23 11:52:07.215 get /dev8721/features/options -
2023.08.23 11:52:23.425 set /dev8721/raw/error/clear 1
2023.08.23 11:52:23.437 set /dev8721/sigouts/0/on 1
2023.08.23 11:52:23.437 set /dev8721/sigouts/0/offset 0.0
2023.08.23 11:52:23.437 set /dev8721/awgs/0/single 1
2023.08.23 11:52:23.437 set /dev8721/awgs/0/outputs/0/modulation/mode 0
2023.08.23 11:52:23.437 set /dev8721/awgs/0/outputs/0/gains/0 1.0
2023.08.23 11:52:23.437 set /dev8721/awgs/0/outputs/0/gains/1 0.0
2023.08.23 11:52:23.437 set /dev8721/sigouts/0/precompensation/enable 0
2023.08.23 11:52:23.437 set /dev8721/sigouts/1/on 1
2023.08.23 11:52:23.437 set /dev8721/sigouts/1/offset 0.0
2023.08.23 11:52:23.437 set /dev8721/awgs/0/outputs/1/modulation/mode 0
2023.08.23 11:52:23.437 set /dev8721/awgs/0/outputs/1/gains/1 1.0
2023.08.23 11:52:23.437 set /dev8721/awgs/0/outputs/1/gains/0 0.0
2023.08.23 11:52:23.437 set /dev8721/sigouts/1/precompensation/enable 0
2023.08.23 11:52:23.463 set /dev8721/system/awg/oscillatorcontrol 1
2023.08.23 11:52:23.479 set /dev8721/awgs/0/elf/data seq_device_hdawg_0_[].seqc
2023.08.23 11:52:23.479 set /dev8721/awgs/0/waveform/waves/0 p_0032sisq_compr__129c868
2023.08.23 11:52:23.479 set /dev8721/awgs/0/waveform/waves/1 p_0032sisq_compr__1f7071f
2023.08.23 11:52:23.479 set /dev8721/awgs/0/waveform/waves/2 p_0032sisq_compr__8fa38a4
2023.08.23 11:52:23.480 set /dev8721/awgs/0/commandtable/data {"$schema": "https://docs.zhinst.com/hdawg/commandtable/v1_0/schema", "header": {"version": "1.0.0"}, "table": [{"index": 0, "phase0": {"value": 90.0}, "phase1": {"value": 0.0}}, {"index": 1, "waveform": {"index": 0}}, {"index": 2, "waveform": {"index": 1}}, {"index": 3, "waveform": {"index": 2}}]}
2023.08.23 11:52:23.504 set /dev8721/sines/0/phaseshift 0
2023.08.23 11:52:23.504 set /dev8721/sines/1/phaseshift 0
2023.08.23 11:52:23.520 set /dev8721/triggers/in/0/level 0.225
2023.08.23 11:52:23.520 set /dev8721/awgs/0/auxtriggers/0/slope 1
2023.08.23 11:52:23.520 set /dev8721/awgs/0/auxtriggers/0/channel 0
2023.08.23 11:52:23.520 set /dev8721/triggers/out/0/source 0
2023.08.23 11:52:23.520 set /dev8721/triggers/out/1/source 1
2023.08.23 11:52:23.521 set /dev8721/dios/0/mode 1
2023.08.23 11:52:23.521 set /dev8721/dios/0/drive 15
2023.08.23 11:52:23.521 set /dev8721/awgs/0/dio/strobe/slope 0
2023.08.23 11:52:23.521 set /dev8721/awgs/0/dio/valid/polarity 2
2023.08.23 11:52:23.521 set /dev8721/awgs/0/dio/valid/index 0
2023.08.23 11:52:23.521 set /dev8721/awgs/0/dio/mask/value 1023
2023.08.23 11:52:23.521 set /dev8721/awgs/0/dio/mask/shift 1
2023.08.23 11:52:23.556 set /dev8721/sigouts/0/delay 0.0
2023.08.23 11:52:23.556 set /dev8721/sigouts/1/delay 0.0
2023.08.23 11:52:23.594 set /dev8721/awgs/0/enable 1
2023.08.23 11:52:25.231 get /dev8721/raw/error/json/errors -
2023.08.23 11:52:40.561 set /dev8721/awgs/0/elf/data seq_device_hdawg_0_[].seqc
2023.08.23 11:52:40.561 set /dev8721/awgs/0/waveform/waves/0 p_0032sisq_compr__129c868
2023.08.23 11:52:40.561 set /dev8721/awgs/0/waveform/waves/1 p_0032sisq_compr__1f7071f
2023.08.23 11:52:40.561 set /dev8721/awgs/0/waveform/waves/2 p_0032sisq_compr__4db6a92
2023.08.23 11:52:40.561 set /dev8721/awgs/0/commandtable/data {"$schema": "https://docs.zhinst.com/hdawg/commandtable/v1_0/schema", "header": {"version": "1.0.0"}, "table": [{"index": 0, "phase0": {"value": 90.0}, "phase1": {"value": 0.0}}, {"index": 1, "waveform": {"index": 0}}, {"index": 2, "waveform": {"index": 1}}, {"index": 3, "waveform": {"index": 2}}]}
2023.08.23 11:52:40.603 set /dev8721/awgs/0/enable 1
2023.08.23 11:52:42.240 get /dev8721/raw/error/json/errors -
2023.08.23 11:52:52.583 set /dev8721/awgs/0/elf/data seq_device_hdawg_0_[].seqc
2023.08.23 11:52:52.584 set /dev8721/awgs/0/waveform/waves/0 p_0032sisq_compr__129c868
2023.08.23 11:52:52.584 set /dev8721/awgs/0/waveform/waves/1 p_0032sisq_compr__1f7071f
2023.08.23 11:52:52.584 set /dev8721/awgs/0/commandtable/data {"$schema": "https://docs.zhinst.com/hdawg/commandtable/v1_0/schema", "header": {"version": "1.0.0"}, "table": [{"index": 0, "phase0": {"value": 90.0}, "phase1": {"value": 0.0}}, {"index": 1, "waveform": {"index": 0}}, {"index": 2, "waveform": {"index": 1}}]}
2023.08.23 11:52:52.628 set /dev8721/awgs/0/enable 1
2023.08.23 11:52:54.272 get /dev8721/raw/error/json/errors -
2023.08.23 11:53:04.751 set /dev8721/awgs/0/elf/data seq_device_hdawg_0_[].seqc
2023.08.23 11:53:04.752 set /dev8721/awgs/0/waveform/waves/0 p_0032sisq_compr__129c868
2023.08.23 11:53:04.752 set /dev8721/awgs/0/waveform/waves/1 p_0032sisq_compr__1f7071f
2023.08.23 11:53:04.752 set /dev8721/awgs/0/commandtable/data {"$schema": "https://docs.zhinst.com/hdawg/commandtable/v1_0/schema", "header": {"version": "1.0.0"}, "table": [{"index": 0, "phase0": {"value": 90.0}, "phase1": {"value": 0.0}}, {"index": 1, "waveform": {"index": 0}}, {"index": 2, "waveform": {"index": 1}}]}
2023.08.23 11:53:04.791 set /dev8721/awgs/0/enable 1
2023.08.23 11:53:06.433 get /dev8721/raw/error/json/errors -
